<?xml version="1.0" encoding="UTF-8"?>
<testsuite xmlns:xsi="http://www.w3.org/2001/XMLSchema-instance" xsi:noNamespaceSchemaLocation="https://maven.apache.org/surefire/maven-surefire-plugin/xsd/surefire-test-report-3.0.xsd" version="3.0" name="com.mycompany.tubesfreelance.ClientTest" time="0.07" tests="5" errors="0" skipped="0" failures="0">
  <properties>
[...]
</properties>
  <testcase name="testCheckPasswordSuccess" classname="com.mycompany.tubesfreelance.ClientTest" time="0.03"/>
  <testcase name="testCheckPasswordFailure" classname="com.mycompany.tubesfreelance.ClientTest" time="0.003"/>
  <testcase name="testDefaultSaldo" classname="com.mycompany.tubesfreelance.ClientTest" time="0.003"/>
  <testcase name="testConstructorAndGetUsername" classname="com.mycompany.tubesfreelance.ClientTest" time="0.001"/>
  <testcase name="testSetSaldo" classname="com.mycompany.tubesfreelance.ClientTest" time="0.001"/>
</testsuite>